<?xml version="1.0" encoding="UTF-8"?>
<coverage generated="1673461890770" clover="3.2.0">
  <project timestamp="1673461890770" name="All files">
    <metrics statements="19" coveredstatements="11" conditionals="14" coveredconditionals="10" methods="4" coveredmethods="3" elements="37" coveredelements="24" complexity="0" loc="19" ncloc="19" packages="1" files="1" classes="1"/>
    <file name="util.js" path="/mnt/a4eccd3a-c497-461b-b894-64927bb1df66/mussar/Documents/OnlineCourses/YouTube/Testing/js-testing-introduction/src/util.js">
      <metrics statements="19" coveredstatements="11" conditionals="14" coveredconditionals="10" methods="4" coveredmethods="3"/>
      <line num="1" count="1" type="stmt"/>
      <line num="3" count="3" type="stmt"/>
      <line num="6" count="1" type="stmt"/>
      <line num="8" count="0" type="stmt"/>
      <line num="9" count="0" type="stmt"/>
      <line num="10" count="0" type="stmt"/>
      <line num="11" count="0" type="stmt"/>
      <line num="14" count="1" type="stmt"/>
      <line num="16" count="2" type="cond" truecount="1" falsecount="1"/>
      <line num="17" count="0" type="stmt"/>
      <line num="19" count="2" type="cond" truecount="3" falsecount="1"/>
      <line num="20" count="0" type="stmt"/>
      <line num="22" count="2" type="cond" truecount="3" falsecount="1"/>
      <line num="23" count="0" type="stmt"/>
      <line num="25" count="2" type="stmt"/>
      <line num="28" count="1" type="stmt"/>
      <line num="29" count="1" type="cond" truecount="3" falsecount="1"/>
      <line num="30" count="0" type="stmt"/>
      <line num="32" count="1" type="stmt"/>
    </file>
  </project>
</coverage>
